<?xml version="1.0" encoding="UTF-8"?>
<!-- Generated by org.testng.reporters.JUnitReportReporter -->
<testsuite hostname="LAPTOP-T1J4O653" failures="0" tests="2" name="testCases.MainPageNG" time="41.543" errors="0" timestamp="2024-03-21T21:31:47 EET" skipped="0">
  <testcase classname="testCases.MainPageNG" name="LoginTest" time="16.994"/>
  <testcase classname="testCases.MainPageNG" name="LoginTest" time="24.549"/>
</testsuite> <!-- testCases.MainPageNG -->
