<?xml version="1.0" encoding="UTF-8"?>
<!-- Generated by org.testng.reporters.JUnitReportReporter -->
<testsuite hostname="LAPTOP-T1J4O653" failures="0" tests="1" name="testCases.MagentoTests" time="48.479" errors="0" timestamp="2024-04-05T13:42:48 EEST" skipped="0">
  <testcase classname="testCases.MagentoTests" name="testOrderPlacementWithAnonymiusUserRefactored" time="48.479"/>
  <system-out/>
</testsuite> <!-- testCases.MagentoTests -->
