<?xml version="1.0" encoding="UTF-8"?>
<!-- Generated by org.testng.reporters.JUnitReportReporter -->
<testsuite hostname="LAPTOP-T1J4O653" failures="0" tests="1" name="testCases.Testing_1" time="34.835" errors="0" timestamp="2024-04-05T13:18:44 EEST" skipped="0">
  <testcase classname="testCases.Testing_1" name="testOrderPlacementWithAnonymiusUserRefactored" time="34.835"/>
  <system-out/>
</testsuite> <!-- testCases.Testing_1 -->
